[ 2013-10-25T20:12:25+08:00 ] 127.0.0.1 /newmir/
INFO: [ app_begin ] --START--
INFO: ReadHtmlCache Behavior ::run [ RunTime:0.001545s ]
INFO: [ app_begin ] --END-- [ RunTime:0.001993s ]
INFO: [ view_parse ] --START--
NOTIC: [8] Constant APP_PATH already defined D:\wamp\www\newmir\home\Runtime\Cache\828e0013b8f3bc1bb22b4f57172b019d.php 第 1 行.
NOTIC: [8] Constant APP_DEBUG already defined D:\wamp\www\newmir\home\Runtime\Cache\828e0013b8f3bc1bb22b4f57172b019d.php 第 1 行.
NOTIC: [8] Constant MEMORY_LIMIT_ON already defined D:\wamp\www\newmir\ThinkPHP\ThinkPHP.php 第 16 行.

[ 2013-10-25T20:12:26+08:00 ] 127.0.0.1 /newmir/
INFO: [ app_begin ] --START--
INFO: ReadHtmlCache Behavior ::run [ RunTime:0.001056s ]
INFO: [ app_begin ] --END-- [ RunTime:0.001285s ]
INFO: [ view_parse ] --START--
NOTIC: [8] Constant APP_PATH already defined D:\wamp\www\newmir\home\Runtime\Cache\828e0013b8f3bc1bb22b4f57172b019d.php 第 1 行.
NOTIC: [8] Constant APP_DEBUG already defined D:\wamp\www\newmir\home\Runtime\Cache\828e0013b8f3bc1bb22b4f57172b019d.php 第 1 行.
NOTIC: [8] Constant MEMORY_LIMIT_ON already defined D:\wamp\www\newmir\ThinkPHP\ThinkPHP.php 第 16 行.

[ 2013-10-25T20:22:52+08:00 ] 127.0.0.1 /newmir/
INFO: [ app_begin ] --START--
INFO: ReadHtmlCache Behavior ::run [ RunTime:0.002505s ]
INFO: [ app_begin ] --END-- [ RunTime:0.002745s ]
INFO: [ view_parse ] --START--
INFO: ParseTemplate Behavior ::run [ RunTime:0.013806s ]
INFO: [ view_parse ] --END-- [ RunTime:0.014054s ]
INFO: [ view_filter ] --START--
INFO: ContentReplace Behavior ::run [ RunTime:0.001033s ]
INFO: TokenBuild Behavior ::run [ RunTime:0.001949s ]
INFO: WriteHtmlCache Behavior ::run [ RunTime:0.000834s ]
INFO: ShowRuntime Behavior ::run [ RunTime:0.001243s ]
INFO: [ view_filter ] --END-- [ RunTime:0.005713s ]
INFO: [ view_end ] --START--
INFO: ShowPageTrace Behavior ::run [ RunTime:0.001451s ]
INFO: [ view_end ] --END-- [ RunTime:0.001674s ]

[ 2013-10-25T20:23:43+08:00 ] 127.0.0.1 /newmir/
INFO: [ app_begin ] --START--
INFO: ReadHtmlCache Behavior ::run [ RunTime:0.001102s ]
INFO: [ app_begin ] --END-- [ RunTime:0.001555s ]
ERR: 模板不存在[./home/Tpl/Index/index.html.html]

[ 2013-10-25T20:23:49+08:00 ] 127.0.0.1 /newmir/
INFO: [ app_begin ] --START--
INFO: ReadHtmlCache Behavior ::run [ RunTime:0.001118s ]
INFO: [ app_begin ] --END-- [ RunTime:0.001360s ]
INFO: [ view_parse ] --START--
INFO: ParseTemplate Behavior ::run [ RunTime:0.011392s ]
INFO: [ view_parse ] --END-- [ RunTime:0.011649s ]
INFO: [ view_filter ] --START--
INFO: ContentReplace Behavior ::run [ RunTime:0.000744s ]
INFO: TokenBuild Behavior ::run [ RunTime:0.000827s ]
INFO: WriteHtmlCache Behavior ::run [ RunTime:0.000719s ]
INFO: ShowRuntime Behavior ::run [ RunTime:0.000990s ]
INFO: [ view_filter ] --END-- [ RunTime:0.003869s ]
INFO: [ view_end ] --START--
INFO: ShowPageTrace Behavior ::run [ RunTime:0.001211s ]
INFO: [ view_end ] --END-- [ RunTime:0.001424s ]

[ 2013-10-25T20:23:53+08:00 ] 127.0.0.1 /newmir/
INFO: [ app_begin ] --START--
INFO: ReadHtmlCache Behavior ::run [ RunTime:0.001058s ]
INFO: [ app_begin ] --END-- [ RunTime:0.002018s ]
NOTIC: [8] Undefined variable: data D:\wamp\www\newmir\home\Lib\Action\IndexAction.class.php 第 5 行.
INFO: [ view_parse ] --START--
INFO: ParseTemplate Behavior ::run [ RunTime:0.010906s ]
INFO: [ view_parse ] --END-- [ RunTime:0.011146s ]
INFO: [ view_filter ] --START--
INFO: ContentReplace Behavior ::run [ RunTime:0.000662s ]
INFO: TokenBuild Behavior ::run [ RunTime:0.001675s ]
INFO: WriteHtmlCache Behavior ::run [ RunTime:0.000708s ]
INFO: ShowRuntime Behavior ::run [ RunTime:0.001011s ]
INFO: [ view_filter ] --END-- [ RunTime:0.004641s ]
INFO: [ view_end ] --START--
INFO: ShowPageTrace Behavior ::run [ RunTime:0.001016s ]
INFO: [ view_end ] --END-- [ RunTime:0.001226s ]

[ 2013-10-25T20:24:48+08:00 ] 127.0.0.1 /newmir/
INFO: [ app_begin ] --START--
INFO: ReadHtmlCache Behavior ::run [ RunTime:0.001207s ]
INFO: [ app_begin ] --END-- [ RunTime:0.001449s ]
NOTIC: [8] Undefined variable: data D:\wamp\www\newmir\home\Lib\Action\IndexAction.class.php 第 5 行.
INFO: [ view_parse ] --START--
INFO: ParseTemplate Behavior ::run [ RunTime:0.014952s ]
INFO: [ view_parse ] --END-- [ RunTime:0.015236s ]
INFO: [ view_filter ] --START--
INFO: ContentReplace Behavior ::run [ RunTime:0.000805s ]
INFO: TokenBuild Behavior ::run [ RunTime:0.000737s ]
INFO: WriteHtmlCache Behavior ::run [ RunTime:0.000515s ]
INFO: ShowRuntime Behavior ::run [ RunTime:0.000976s ]
INFO: [ view_filter ] --END-- [ RunTime:0.003628s ]
INFO: [ view_end ] --START--
INFO: ShowPageTrace Behavior ::run [ RunTime:0.002208s ]
INFO: [ view_end ] --END-- [ RunTime:0.002439s ]

[ 2013-10-25T20:26:59+08:00 ] 127.0.0.1 /newmir/
INFO: [ app_begin ] --START--
INFO: ReadHtmlCache Behavior ::run [ RunTime:0.001704s ]
INFO: [ app_begin ] --END-- [ RunTime:0.001940s ]
ERR: 无法加载模块:Index

[ 2013-10-25T20:27:17+08:00 ] 127.0.0.1 /newmir/
INFO: [ app_begin ] --START--
INFO: ReadHtmlCache Behavior ::run [ RunTime:0.000889s ]
INFO: [ app_begin ] --END-- [ RunTime:0.001188s ]
NOTIC: [8] Undefined variable: data D:\wamp\www\newmir\home\Lib\Action\IndexAction.class.php 第 7 行.
INFO: [ view_parse ] --START--
INFO: ParseTemplate Behavior ::run [ RunTime:0.015162s ]
INFO: [ view_parse ] --END-- [ RunTime:0.015429s ]
INFO: [ view_filter ] --START--
INFO: ContentReplace Behavior ::run [ RunTime:0.001020s ]
INFO: TokenBuild Behavior ::run [ RunTime:0.001513s ]
INFO: WriteHtmlCache Behavior ::run [ RunTime:0.000798s ]
INFO: ShowRuntime Behavior ::run [ RunTime:0.001155s ]
INFO: [ view_filter ] --END-- [ RunTime:0.005054s ]
INFO: [ view_end ] --START--
INFO: ShowPageTrace Behavior ::run [ RunTime:0.001344s ]
INFO: [ view_end ] --END-- [ RunTime:0.001564s ]

[ 2013-10-25T20:39:15+08:00 ] 127.0.0.1 /newmir/
INFO: [ app_begin ] --START--
INFO: ReadHtmlCache Behavior ::run [ RunTime:0.002568s ]
INFO: [ app_begin ] --END-- [ RunTime:0.002857s ]
NOTIC: [8] Undefined variable: data D:\wamp\www\newmir\home\Lib\Action\IndexAction.class.php 第 4 行.
INFO: [ view_parse ] --START--
INFO: ParseTemplate Behavior ::run [ RunTime:0.024537s ]
INFO: [ view_parse ] --END-- [ RunTime:0.024812s ]
INFO: [ view_filter ] --START--
INFO: ContentReplace Behavior ::run [ RunTime:0.001130s ]
INFO: TokenBuild Behavior ::run [ RunTime:0.002541s ]
INFO: WriteHtmlCache Behavior ::run [ RunTime:0.000889s ]
INFO: ShowRuntime Behavior ::run [ RunTime:0.001483s ]
INFO: [ view_filter ] --END-- [ RunTime:0.006750s ]
INFO: [ view_end ] --START--
INFO: ShowPageTrace Behavior ::run [ RunTime:0.001378s ]
INFO: [ view_end ] --END-- [ RunTime:0.001598s ]

[ 2013-10-25T20:39:55+08:00 ] 127.0.0.1 /newmir/
INFO: [ app_begin ] --START--
INFO: ReadHtmlCache Behavior ::run [ RunTime:0.002445s ]
INFO: [ app_begin ] --END-- [ RunTime:0.002689s ]
NOTIC: [8] Undefined variable: data D:\wamp\www\newmir\home\Lib\Action\IndexAction.class.php 第 4 行.
INFO: [ view_parse ] --START--
INFO: ParseTemplate Behavior ::run [ RunTime:0.037540s ]
INFO: [ view_parse ] --END-- [ RunTime:0.037794s ]
INFO: [ view_filter ] --START--
INFO: ContentReplace Behavior ::run [ RunTime:0.001914s ]
INFO: TokenBuild Behavior ::run [ RunTime:0.002167s ]
INFO: WriteHtmlCache Behavior ::run [ RunTime:0.001579s ]
INFO: ShowRuntime Behavior ::run [ RunTime:0.002948s ]
INFO: [ view_filter ] --END-- [ RunTime:0.009277s ]
INFO: [ view_end ] --START--
INFO: ShowPageTrace Behavior ::run [ RunTime:0.001848s ]
INFO: [ view_end ] --END-- [ RunTime:0.002062s ]

[ 2013-10-25T20:40:57+08:00 ] 127.0.0.1 /newmir/
INFO: [ app_begin ] --START--
INFO: ReadHtmlCache Behavior ::run [ RunTime:0.003163s ]
INFO: [ app_begin ] --END-- [ RunTime:0.003613s ]
NOTIC: [8] Undefined variable: data D:\wamp\www\newmir\home\Lib\Action\IndexAction.class.php 第 4 行.
INFO: [ view_parse ] --START--
INFO: ParseTemplate Behavior ::run [ RunTime:0.050797s ]
INFO: [ view_parse ] --END-- [ RunTime:0.051054s ]
INFO: [ view_filter ] --START--
INFO: ContentReplace Behavior ::run [ RunTime:0.002082s ]
INFO: TokenBuild Behavior ::run [ RunTime:0.017047s ]
INFO: WriteHtmlCache Behavior ::run [ RunTime:0.003739s ]
INFO: ShowRuntime Behavior ::run [ RunTime:0.016131s ]
INFO: [ view_filter ] --END-- [ RunTime:0.041587s ]
INFO: [ view_end ] --START--
INFO: ShowPageTrace Behavior ::run [ RunTime:0.007214s ]
INFO: [ view_end ] --END-- [ RunTime:0.007471s ]

[ 2013-10-25T20:41:23+08:00 ] 127.0.0.1 /newmir/
INFO: [ app_begin ] --START--
INFO: ReadHtmlCache Behavior ::run [ RunTime:0.001689s ]
INFO: [ app_begin ] --END-- [ RunTime:0.001937s ]
NOTIC: [8] Undefined variable: data D:\wamp\www\newmir\home\Lib\Action\IndexAction.class.php 第 4 行.
INFO: [ view_parse ] --START--
INFO: ParseTemplate Behavior ::run [ RunTime:0.022223s ]
INFO: [ view_parse ] --END-- [ RunTime:0.022465s ]
INFO: [ view_filter ] --START--
INFO: ContentReplace Behavior ::run [ RunTime:0.001067s ]
INFO: TokenBuild Behavior ::run [ RunTime:0.002173s ]
INFO: WriteHtmlCache Behavior ::run [ RunTime:0.001408s ]
INFO: ShowRuntime Behavior ::run [ RunTime:0.001255s ]
INFO: [ view_filter ] --END-- [ RunTime:0.006599s ]
INFO: [ view_end ] --START--
INFO: ShowPageTrace Behavior ::run [ RunTime:0.001182s ]
INFO: [ view_end ] --END-- [ RunTime:0.001402s ]

[ 2013-10-25T20:41:24+08:00 ] 127.0.0.1 /newmir/
INFO: [ app_begin ] --START--
INFO: ReadHtmlCache Behavior ::run [ RunTime:0.001088s ]
INFO: [ app_begin ] --END-- [ RunTime:0.001352s ]
NOTIC: [8] Undefined variable: data D:\wamp\www\newmir\home\Lib\Action\IndexAction.class.php 第 4 行.
INFO: [ view_parse ] --START--
INFO: ParseTemplate Behavior ::run [ RunTime:0.024097s ]
INFO: [ view_parse ] --END-- [ RunTime:0.024339s ]
INFO: [ view_filter ] --START--
INFO: ContentReplace Behavior ::run [ RunTime:0.001998s ]
INFO: TokenBuild Behavior ::run [ RunTime:0.001107s ]
INFO: WriteHtmlCache Behavior ::run [ RunTime:0.000582s ]
INFO: ShowRuntime Behavior ::run [ RunTime:0.001208s ]
INFO: [ view_filter ] --END-- [ RunTime:0.005766s ]
INFO: [ view_end ] --START--
INFO: ShowPageTrace Behavior ::run [ RunTime:0.001091s ]
INFO: [ view_end ] --END-- [ RunTime:0.001337s ]

[ 2013-10-25T20:41:26+08:00 ] 127.0.0.1 /newmir/
INFO: [ app_begin ] --START--
INFO: ReadHtmlCache Behavior ::run [ RunTime:0.001071s ]
INFO: [ app_begin ] --END-- [ RunTime:0.001358s ]
NOTIC: [8] Undefined variable: data D:\wamp\www\newmir\home\Lib\Action\IndexAction.class.php 第 4 行.
INFO: [ view_parse ] --START--
INFO: ParseTemplate Behavior ::run [ RunTime:0.023920s ]
INFO: [ view_parse ] --END-- [ RunTime:0.024179s ]
INFO: [ view_filter ] --START--
INFO: ContentReplace Behavior ::run [ RunTime:0.001798s ]
INFO: TokenBuild Behavior ::run [ RunTime:0.000914s ]
INFO: WriteHtmlCache Behavior ::run [ RunTime:0.000593s ]
INFO: ShowRuntime Behavior ::run [ RunTime:0.001214s ]
INFO: [ view_filter ] --END-- [ RunTime:0.005118s ]
INFO: [ view_end ] --START--
INFO: ShowPageTrace Behavior ::run [ RunTime:0.001028s ]
INFO: [ view_end ] --END-- [ RunTime:0.001241s ]

[ 2013-10-25T20:41:28+08:00 ] 127.0.0.1 /newmir/
INFO: [ app_begin ] --START--
INFO: ReadHtmlCache Behavior ::run [ RunTime:0.002708s ]
INFO: [ app_begin ] --END-- [ RunTime:0.002964s ]
NOTIC: [8] Undefined variable: data D:\wamp\www\newmir\home\Lib\Action\IndexAction.class.php 第 4 行.
INFO: [ view_parse ] --START--
INFO: ParseTemplate Behavior ::run [ RunTime:0.026843s ]
INFO: [ view_parse ] --END-- [ RunTime:0.027098s ]
INFO: [ view_filter ] --START--
INFO: ContentReplace Behavior ::run [ RunTime:0.001980s ]
INFO: TokenBuild Behavior ::run [ RunTime:0.001790s ]
INFO: WriteHtmlCache Behavior ::run [ RunTime:0.001545s ]
INFO: ShowRuntime Behavior ::run [ RunTime:0.002136s ]
INFO: [ view_filter ] --END-- [ RunTime:0.008041s ]
INFO: [ view_end ] --START--
INFO: ShowPageTrace Behavior ::run [ RunTime:0.001807s ]
INFO: [ view_end ] --END-- [ RunTime:0.002029s ]

[ 2013-10-25T20:42:27+08:00 ] 127.0.0.1 /newmir/
INFO: [ app_begin ] --START--
INFO: ReadHtmlCache Behavior ::run [ RunTime:0.002702s ]
INFO: [ app_begin ] --END-- [ RunTime:0.004458s ]
NOTIC: [8] Undefined variable: data D:\wamp\www\newmir\home\Lib\Action\IndexAction.class.php 第 4 行.
INFO: [ view_parse ] --START--
INFO: ParseTemplate Behavior ::run [ RunTime:0.030693s ]
INFO: [ view_parse ] --END-- [ RunTime:0.030940s ]
INFO: [ view_filter ] --START--
INFO: ContentReplace Behavior ::run [ RunTime:0.001856s ]
INFO: TokenBuild Behavior ::run [ RunTime:0.001976s ]
INFO: WriteHtmlCache Behavior ::run [ RunTime:0.001570s ]
INFO: ShowRuntime Behavior ::run [ RunTime:0.001782s ]
INFO: [ view_filter ] --END-- [ RunTime:0.007994s ]
INFO: [ view_end ] --START--
INFO: ShowPageTrace Behavior ::run [ RunTime:0.002670s ]
INFO: [ view_end ] --END-- [ RunTime:0.002907s ]

[ 2013-10-25T20:42:27+08:00 ] 127.0.0.1 /newmir/
INFO: [ app_begin ] --START--
INFO: ReadHtmlCache Behavior ::run [ RunTime:0.003723s ]
INFO: [ app_begin ] --END-- [ RunTime:0.003974s ]
NOTIC: [8] Undefined variable: data D:\wamp\www\newmir\home\Lib\Action\IndexAction.class.php 第 4 行.
INFO: [ view_parse ] --START--
INFO: ParseTemplate Behavior ::run [ RunTime:0.026913s ]
INFO: [ view_parse ] --END-- [ RunTime:0.027207s ]
INFO: [ view_filter ] --START--
INFO: ContentReplace Behavior ::run [ RunTime:0.001723s ]
INFO: TokenBuild Behavior ::run [ RunTime:0.001577s ]
INFO: WriteHtmlCache Behavior ::run [ RunTime:0.001708s ]
INFO: ShowRuntime Behavior ::run [ RunTime:0.002381s ]
INFO: [ view_filter ] --END-- [ RunTime:0.008019s ]
INFO: [ view_end ] --START--
INFO: ShowPageTrace Behavior ::run [ RunTime:0.002131s ]
INFO: [ view_end ] --END-- [ RunTime:0.002351s ]

[ 2013-10-25T20:42:45+08:00 ] 127.0.0.1 /newmir/
INFO: [ app_begin ] --START--
INFO: ReadHtmlCache Behavior ::run [ RunTime:0.003337s ]
INFO: [ app_begin ] --END-- [ RunTime:0.003572s ]
NOTIC: [8] Undefined variable: data D:\wamp\www\newmir\home\Lib\Action\IndexAction.class.php 第 4 行.
INFO: [ view_parse ] --START--
INFO: ParseTemplate Behavior ::run [ RunTime:0.024401s ]
INFO: [ view_parse ] --END-- [ RunTime:0.024640s ]
INFO: [ view_filter ] --START--
INFO: ContentReplace Behavior ::run [ RunTime:0.001688s ]
INFO: TokenBuild Behavior ::run [ RunTime:0.001860s ]
INFO: WriteHtmlCache Behavior ::run [ RunTime:0.001372s ]
INFO: ShowRuntime Behavior ::run [ RunTime:0.001817s ]
INFO: [ view_filter ] --END-- [ RunTime:0.007468s ]
INFO: [ view_end ] --START--
INFO: ShowPageTrace Behavior ::run [ RunTime:0.002525s ]
INFO: [ view_end ] --END-- [ RunTime:0.003511s ]

[ 2013-10-25T20:42:46+08:00 ] 127.0.0.1 /newmir/
INFO: [ app_begin ] --START--
INFO: ReadHtmlCache Behavior ::run [ RunTime:0.002350s ]
INFO: [ app_begin ] --END-- [ RunTime:0.002845s ]
NOTIC: [8] Undefined variable: data D:\wamp\www\newmir\home\Lib\Action\IndexAction.class.php 第 4 行.
INFO: [ view_parse ] --START--
INFO: ParseTemplate Behavior ::run [ RunTime:0.055048s ]
INFO: [ view_parse ] --END-- [ RunTime:0.055329s ]
INFO: [ view_filter ] --START--
INFO: ContentReplace Behavior ::run [ RunTime:0.003145s ]
INFO: TokenBuild Behavior ::run [ RunTime:0.003090s ]
INFO: WriteHtmlCache Behavior ::run [ RunTime:0.001982s ]
INFO: ShowRuntime Behavior ::run [ RunTime:0.003165s ]
INFO: [ view_filter ] --END-- [ RunTime:0.012101s ]
INFO: [ view_end ] --START--
INFO: ShowPageTrace Behavior ::run [ RunTime:0.002990s ]
INFO: [ view_end ] --END-- [ RunTime:0.003222s ]

[ 2013-10-25T20:42:46+08:00 ] 127.0.0.1 /newmir/
INFO: [ app_begin ] --START--
INFO: ReadHtmlCache Behavior ::run [ RunTime:0.002002s ]
INFO: [ app_begin ] --END-- [ RunTime:0.002251s ]
NOTIC: [8] Undefined variable: data D:\wamp\www\newmir\home\Lib\Action\IndexAction.class.php 第 4 行.
INFO: [ view_parse ] --START--
INFO: ParseTemplate Behavior ::run [ RunTime:0.052632s ]
INFO: [ view_parse ] --END-- [ RunTime:0.052907s ]
INFO: [ view_filter ] --START--
INFO: ContentReplace Behavior ::run [ RunTime:0.003195s ]
INFO: TokenBuild Behavior ::run [ RunTime:0.002977s ]
INFO: WriteHtmlCache Behavior ::run [ RunTime:0.001527s ]
INFO: ShowRuntime Behavior ::run [ RunTime:0.003531s ]
INFO: [ view_filter ] --END-- [ RunTime:0.011927s ]
INFO: [ view_end ] --START--
INFO: ShowPageTrace Behavior ::run [ RunTime:0.002453s ]
INFO: [ view_end ] --END-- [ RunTime:0.002931s ]

[ 2013-10-25T20:42:46+08:00 ] 127.0.0.1 /newmir/
INFO: [ app_begin ] --START--
INFO: ReadHtmlCache Behavior ::run [ RunTime:0.002247s ]
INFO: [ app_begin ] --END-- [ RunTime:0.002643s ]
NOTIC: [8] Undefined variable: data D:\wamp\www\newmir\home\Lib\Action\IndexAction.class.php 第 4 行.
INFO: [ view_parse ] --START--
INFO: ParseTemplate Behavior ::run [ RunTime:0.063282s ]
INFO: [ view_parse ] --END-- [ RunTime:0.063539s ]
INFO: [ view_filter ] --START--
INFO: ContentReplace Behavior ::run [ RunTime:0.006570s ]
INFO: TokenBuild Behavior ::run [ RunTime:0.002955s ]
INFO: WriteHtmlCache Behavior ::run [ RunTime:0.001757s ]
INFO: ShowRuntime Behavior ::run [ RunTime:0.004954s ]
INFO: [ view_filter ] --END-- [ RunTime:0.017013s ]
INFO: [ view_end ] --START--
INFO: ShowPageTrace Behavior ::run [ RunTime:0.002499s ]
INFO: [ view_end ] --END-- [ RunTime:0.002747s ]

[ 2013-10-25T20:42:46+08:00 ] 127.0.0.1 /newmir/
INFO: [ app_begin ] --START--
INFO: ReadHtmlCache Behavior ::run [ RunTime:0.001969s ]
INFO: [ app_begin ] --END-- [ RunTime:0.002430s ]
NOTIC: [8] Undefined variable: data D:\wamp\www\newmir\home\Lib\Action\IndexAction.class.php 第 4 行.
INFO: [ view_parse ] --START--
INFO: ParseTemplate Behavior ::run [ RunTime:0.060630s ]
INFO: [ view_parse ] --END-- [ RunTime:0.060904s ]
INFO: [ view_filter ] --START--
INFO: ContentReplace Behavior ::run [ RunTime:0.003006s ]
INFO: TokenBuild Behavior ::run [ RunTime:0.004062s ]
INFO: WriteHtmlCache Behavior ::run [ RunTime:0.002614s ]
INFO: ShowRuntime Behavior ::run [ RunTime:0.003009s ]
INFO: [ view_filter ] --END-- [ RunTime:0.013359s ]
INFO: [ view_end ] --START--
INFO: ShowPageTrace Behavior ::run [ RunTime:0.010107s ]
INFO: [ view_end ] --END-- [ RunTime:0.010347s ]

[ 2013-10-25T20:42:46+08:00 ] 127.0.0.1 /newmir/
INFO: [ app_begin ] --START--
INFO: ReadHtmlCache Behavior ::run [ RunTime:0.002866s ]
INFO: [ app_begin ] --END-- [ RunTime:0.003117s ]
NOTIC: [8] Undefined variable: data D:\wamp\www\newmir\home\Lib\Action\IndexAction.class.php 第 4 行.
INFO: [ view_parse ] --START--
INFO: ParseTemplate Behavior ::run [ RunTime:0.024926s ]
INFO: [ view_parse ] --END-- [ RunTime:0.025699s ]
INFO: [ view_filter ] --START--
INFO: ContentReplace Behavior ::run [ RunTime:0.001610s ]
INFO: TokenBuild Behavior ::run [ RunTime:0.001684s ]
INFO: WriteHtmlCache Behavior ::run [ RunTime:0.001333s ]
INFO: ShowRuntime Behavior ::run [ RunTime:0.001964s ]
INFO: [ view_filter ] --END-- [ RunTime:0.007201s ]
INFO: [ view_end ] --START--
INFO: ShowPageTrace Behavior ::run [ RunTime:0.002159s ]
INFO: [ view_end ] --END-- [ RunTime:0.003041s ]

[ 2013-10-25T20:42:49+08:00 ] 127.0.0.1 /newmir/
INFO: [ app_begin ] --START--
INFO: ReadHtmlCache Behavior ::run [ RunTime:0.002075s ]
INFO: [ app_begin ] --END-- [ RunTime:0.002340s ]
NOTIC: [8] Undefined variable: data D:\wamp\www\newmir\home\Lib\Action\IndexAction.class.php 第 4 行.
INFO: [ view_parse ] --START--
INFO: ParseTemplate Behavior ::run [ RunTime:0.026749s ]
INFO: [ view_parse ] --END-- [ RunTime:0.027063s ]
INFO: [ view_filter ] --START--
INFO: ContentReplace Behavior ::run [ RunTime:0.001855s ]
INFO: TokenBuild Behavior ::run [ RunTime:0.001826s ]
INFO: WriteHtmlCache Behavior ::run [ RunTime:0.002076s ]
INFO: ShowRuntime Behavior ::run [ RunTime:0.002028s ]
INFO: [ view_filter ] --END-- [ RunTime:0.008418s ]
INFO: [ view_end ] --START--
INFO: ShowPageTrace Behavior ::run [ RunTime:0.002026s ]
INFO: [ view_end ] --END-- [ RunTime:0.002328s ]

[ 2013-10-25T20:42:50+08:00 ] 127.0.0.1 /newmir/
INFO: [ app_begin ] --START--
INFO: ReadHtmlCache Behavior ::run [ RunTime:0.003293s ]
INFO: [ app_begin ] --END-- [ RunTime:0.003539s ]
NOTIC: [8] Undefined variable: data D:\wamp\www\newmir\home\Lib\Action\IndexAction.class.php 第 4 行.
INFO: [ view_parse ] --START--
INFO: ParseTemplate Behavior ::run [ RunTime:0.024508s ]
INFO: [ view_parse ] --END-- [ RunTime:0.024976s ]
INFO: [ view_filter ] --START--
INFO: ContentReplace Behavior ::run [ RunTime:0.002203s ]
INFO: TokenBuild Behavior ::run [ RunTime:0.001771s ]
INFO: WriteHtmlCache Behavior ::run [ RunTime:0.001705s ]
INFO: ShowRuntime Behavior ::run [ RunTime:0.002279s ]
INFO: [ view_filter ] --END-- [ RunTime:0.008611s ]
INFO: [ view_end ] --START--
INFO: ShowPageTrace Behavior ::run [ RunTime:0.001987s ]
INFO: [ view_end ] --END-- [ RunTime:0.002204s ]

[ 2013-10-25T20:42:50+08:00 ] 127.0.0.1 /newmir/
INFO: [ app_begin ] --START--
INFO: ReadHtmlCache Behavior ::run [ RunTime:0.003868s ]
INFO: [ app_begin ] --END-- [ RunTime:0.004115s ]
NOTIC: [8] Undefined variable: data D:\wamp\www\newmir\home\Lib\Action\IndexAction.class.php 第 4 行.
INFO: [ view_parse ] --START--
INFO: ParseTemplate Behavior ::run [ RunTime:0.028299s ]
INFO: [ view_parse ] --END-- [ RunTime:0.028599s ]
INFO: [ view_filter ] --START--
INFO: ContentReplace Behavior ::run [ RunTime:0.002305s ]
INFO: TokenBuild Behavior ::run [ RunTime:0.002082s ]
INFO: WriteHtmlCache Behavior ::run [ RunTime:0.001565s ]
INFO: ShowRuntime Behavior ::run [ RunTime:0.002000s ]
INFO: [ view_filter ] --END-- [ RunTime:0.008640s ]
INFO: [ view_end ] --START--
INFO: ShowPageTrace Behavior ::run [ RunTime:0.002352s ]
INFO: [ view_end ] --END-- [ RunTime:0.002574s ]

[ 2013-10-25T20:42:50+08:00 ] 127.0.0.1 /newmir/
INFO: [ app_begin ] --START--
INFO: ReadHtmlCache Behavior ::run [ RunTime:0.002387s ]
INFO: [ app_begin ] --END-- [ RunTime:0.002630s ]
NOTIC: [8] Undefined variable: data D:\wamp\www\newmir\home\Lib\Action\IndexAction.class.php 第 4 行.
INFO: [ view_parse ] --START--
INFO: ParseTemplate Behavior ::run [ RunTime:0.027268s ]
INFO: [ view_parse ] --END-- [ RunTime:0.027521s ]
INFO: [ view_filter ] --START--
INFO: ContentReplace Behavior ::run [ RunTime:0.001721s ]
INFO: TokenBuild Behavior ::run [ RunTime:0.002790s ]
INFO: WriteHtmlCache Behavior ::run [ RunTime:0.001667s ]
INFO: ShowRuntime Behavior ::run [ RunTime:0.001836s ]
INFO: [ view_filter ] --END-- [ RunTime:0.008618s ]
INFO: [ view_end ] --START--
INFO: ShowPageTrace Behavior ::run [ RunTime:0.001912s ]
INFO: [ view_end ] --END-- [ RunTime:0.002215s ]

[ 2013-10-25T20:42:51+08:00 ] 127.0.0.1 /newmir/
INFO: [ app_begin ] --START--
INFO: ReadHtmlCache Behavior ::run [ RunTime:0.001942s ]
INFO: [ app_begin ] --END-- [ RunTime:0.002170s ]
NOTIC: [8] Undefined variable: data D:\wamp\www\newmir\home\Lib\Action\IndexAction.class.php 第 4 行.
INFO: [ view_parse ] --START--
INFO: ParseTemplate Behavior ::run [ RunTime:0.025173s ]
INFO: [ view_parse ] --END-- [ RunTime:0.025415s ]
INFO: [ view_filter ] --START--
INFO: ContentReplace Behavior ::run [ RunTime:0.001791s ]
INFO: TokenBuild Behavior ::run [ RunTime:0.001885s ]
INFO: WriteHtmlCache Behavior ::run [ RunTime:0.001492s ]
INFO: ShowRuntime Behavior ::run [ RunTime:0.002219s ]
INFO: [ view_filter ] --END-- [ RunTime:0.008112s ]
INFO: [ view_end ] --START--
INFO: ShowPageTrace Behavior ::run [ RunTime:0.001931s ]
INFO: [ view_end ] --END-- [ RunTime:0.002139s ]

[ 2013-10-25T20:42:51+08:00 ] 127.0.0.1 /newmir/
INFO: [ app_begin ] --START--
INFO: ReadHtmlCache Behavior ::run [ RunTime:0.003102s ]
INFO: [ app_begin ] --END-- [ RunTime:0.003366s ]
NOTIC: [8] Undefined variable: data D:\wamp\www\newmir\home\Lib\Action\IndexAction.class.php 第 4 行.
INFO: [ view_parse ] --START--
INFO: ParseTemplate Behavior ::run [ RunTime:0.024222s ]
INFO: [ view_parse ] --END-- [ RunTime:0.024470s ]
INFO: [ view_filter ] --START--
INFO: ContentReplace Behavior ::run [ RunTime:0.001718s ]
INFO: TokenBuild Behavior ::run [ RunTime:0.001636s ]
INFO: WriteHtmlCache Behavior ::run [ RunTime:0.001339s ]
INFO: ShowRuntime Behavior ::run [ RunTime:0.002101s ]
INFO: [ view_filter ] --END-- [ RunTime:0.007434s ]
INFO: [ view_end ] --START--
INFO: ShowPageTrace Behavior ::run [ RunTime:0.001804s ]
INFO: [ view_end ] --END-- [ RunTime:0.002129s ]

[ 2013-10-25T20:43:01+08:00 ] 127.0.0.1 /newmir/
INFO: [ app_begin ] --START--
INFO: ReadHtmlCache Behavior ::run [ RunTime:0.001756s ]
INFO: [ app_begin ] --END-- [ RunTime:0.001982s ]
NOTIC: [8] Undefined variable: data D:\wamp\www\newmir\home\Lib\Action\IndexAction.class.php 第 4 行.
INFO: [ view_parse ] --START--
INFO: ParseTemplate Behavior ::run [ RunTime:0.027187s ]
INFO: [ view_parse ] --END-- [ RunTime:0.027429s ]
INFO: [ view_filter ] --START--
INFO: ContentReplace Behavior ::run [ RunTime:0.001850s ]
INFO: TokenBuild Behavior ::run [ RunTime:0.001848s ]
INFO: WriteHtmlCache Behavior ::run [ RunTime:0.003209s ]
INFO: ShowRuntime Behavior ::run [ RunTime:0.002201s ]
INFO: [ view_filter ] --END-- [ RunTime:0.015123s ]
INFO: [ view_end ] --START--
INFO: ShowPageTrace Behavior ::run [ RunTime:0.002382s ]
INFO: [ view_end ] --END-- [ RunTime:0.002611s ]

[ 2013-10-25T20:43:30+08:00 ] 127.0.0.1 /newmir/
INFO: [ app_begin ] --START--
INFO: ReadHtmlCache Behavior ::run [ RunTime:0.001935s ]
INFO: [ app_begin ] --END-- [ RunTime:0.002181s ]
NOTIC: [8] Undefined variable: data D:\wamp\www\newmir\home\Lib\Action\IndexAction.class.php 第 4 行.
INFO: [ view_parse ] --START--
INFO: ParseTemplate Behavior ::run [ RunTime:0.026851s ]
INFO: [ view_parse ] --END-- [ RunTime:0.027127s ]
INFO: [ view_filter ] --START--
INFO: ContentReplace Behavior ::run [ RunTime:0.001658s ]
INFO: TokenBuild Behavior ::run [ RunTime:0.001897s ]
INFO: WriteHtmlCache Behavior ::run [ RunTime:0.001417s ]
INFO: ShowRuntime Behavior ::run [ RunTime:0.001928s ]
INFO: [ view_filter ] --END-- [ RunTime:0.007650s ]
INFO: [ view_end ] --START--
INFO: ShowPageTrace Behavior ::run [ RunTime:0.002526s ]
INFO: [ view_end ] --END-- [ RunTime:0.002745s ]

[ 2013-10-25T20:43:55+08:00 ] 127.0.0.1 /newmir/
INFO: [ app_begin ] --START--
INFO: ReadHtmlCache Behavior ::run [ RunTime:0.001819s ]
INFO: [ app_begin ] --END-- [ RunTime:0.002045s ]
NOTIC: [8] Undefined variable: data D:\wamp\www\newmir\home\Lib\Action\IndexAction.class.php 第 4 行.
INFO: [ view_parse ] --START--
INFO: ParseTemplate Behavior ::run [ RunTime:0.029191s ]
INFO: [ view_parse ] --END-- [ RunTime:0.029432s ]
INFO: [ view_filter ] --START--
INFO: ContentReplace Behavior ::run [ RunTime:0.001641s ]
INFO: TokenBuild Behavior ::run [ RunTime:0.001593s ]
INFO: WriteHtmlCache Behavior ::run [ RunTime:0.001560s ]
INFO: ShowRuntime Behavior ::run [ RunTime:0.002129s ]
INFO: [ view_filter ] --END-- [ RunTime:0.007574s ]
INFO: [ view_end ] --START--
INFO: ShowPageTrace Behavior ::run [ RunTime:0.002190s ]
INFO: [ view_end ] --END-- [ RunTime:0.002414s ]

[ 2013-10-25T20:44:23+08:00 ] 127.0.0.1 /newmir/
INFO: [ app_begin ] --START--
INFO: ReadHtmlCache Behavior ::run [ RunTime:0.002645s ]
INFO: [ app_begin ] --END-- [ RunTime:0.002892s ]
NOTIC: [8] Undefined variable: data D:\wamp\www\newmir\home\Lib\Action\IndexAction.class.php 第 4 行.
INFO: [ view_parse ] --START--
INFO: ParseTemplate Behavior ::run [ RunTime:0.025243s ]
INFO: [ view_parse ] --END-- [ RunTime:0.025501s ]
INFO: [ view_filter ] --START--
INFO: ContentReplace Behavior ::run [ RunTime:0.001950s ]
INFO: TokenBuild Behavior ::run [ RunTime:0.001672s ]
INFO: WriteHtmlCache Behavior ::run [ RunTime:0.001751s ]
INFO: ShowRuntime Behavior ::run [ RunTime:0.001967s ]
INFO: [ view_filter ] --END-- [ RunTime:0.007989s ]
INFO: [ view_end ] --START--
INFO: ShowPageTrace Behavior ::run [ RunTime:0.002942s ]
INFO: [ view_end ] --END-- [ RunTime:0.003170s ]

[ 2013-10-25T20:44:29+08:00 ] 127.0.0.1 /newmir/
INFO: [ app_begin ] --START--
INFO: ReadHtmlCache Behavior ::run [ RunTime:0.001701s ]
INFO: [ app_begin ] --END-- [ RunTime:0.002101s ]
NOTIC: [8] Undefined variable: data D:\wamp\www\newmir\home\Lib\Action\IndexAction.class.php 第 4 行.
INFO: [ view_parse ] --START--
INFO: ParseTemplate Behavior ::run [ RunTime:0.022915s ]
INFO: [ view_parse ] --END-- [ RunTime:0.023158s ]
INFO: [ view_filter ] --START--
INFO: ContentReplace Behavior ::run [ RunTime:0.001970s ]
INFO: TokenBuild Behavior ::run [ RunTime:0.001854s ]
INFO: WriteHtmlCache Behavior ::run [ RunTime:0.002021s ]
INFO: ShowRuntime Behavior ::run [ RunTime:0.002303s ]
INFO: [ view_filter ] --END-- [ RunTime:0.008798s ]
INFO: [ view_end ] --START--
INFO: ShowPageTrace Behavior ::run [ RunTime:0.002084s ]
INFO: [ view_end ] --END-- [ RunTime:0.002302s ]

[ 2013-10-25T20:44:51+08:00 ] 127.0.0.1 /newmir/
INFO: [ app_begin ] --START--
INFO: ReadHtmlCache Behavior ::run [ RunTime:0.002331s ]
INFO: [ app_begin ] --END-- [ RunTime:0.002580s ]
NOTIC: [8] Undefined variable: data D:\wamp\www\newmir\home\Lib\Action\IndexAction.class.php 第 4 行.
INFO: [ view_parse ] --START--
INFO: ParseTemplate Behavior ::run [ RunTime:0.027126s ]
INFO: [ view_parse ] --END-- [ RunTime:0.027378s ]
INFO: [ view_filter ] --START--
INFO: ContentReplace Behavior ::run [ RunTime:0.001760s ]
INFO: TokenBuild Behavior ::run [ RunTime:0.001757s ]
INFO: WriteHtmlCache Behavior ::run [ RunTime:0.001677s ]
INFO: ShowRuntime Behavior ::run [ RunTime:0.001976s ]
INFO: [ view_filter ] --END-- [ RunTime:0.007866s ]
INFO: [ view_end ] --START--
INFO: ShowPageTrace Behavior ::run [ RunTime:0.004973s ]
INFO: [ view_end ] --END-- [ RunTime:0.005204s ]

[ 2013-10-25T20:45:09+08:00 ] 127.0.0.1 /newmir/
INFO: [ app_begin ] --START--
INFO: ReadHtmlCache Behavior ::run [ RunTime:0.002173s ]
INFO: [ app_begin ] --END-- [ RunTime:0.002418s ]
NOTIC: [8] Undefined variable: data D:\wamp\www\newmir\home\Lib\Action\IndexAction.class.php 第 4 行.
INFO: [ view_parse ] --START--
INFO: ParseTemplate Behavior ::run [ RunTime:0.024746s ]
INFO: [ view_parse ] --END-- [ RunTime:0.025004s ]
INFO: [ view_filter ] --START--
INFO: ContentReplace Behavior ::run [ RunTime:0.001710s ]
INFO: TokenBuild Behavior ::run [ RunTime:0.001633s ]
INFO: WriteHtmlCache Behavior ::run [ RunTime:0.002234s ]
INFO: ShowRuntime Behavior ::run [ RunTime:0.002063s ]
INFO: [ view_filter ] --END-- [ RunTime:0.008298s ]
INFO: [ view_end ] --START--
INFO: ShowPageTrace Behavior ::run [ RunTime:0.002731s ]
INFO: [ view_end ] --END-- [ RunTime:0.002962s ]

[ 2013-10-25T20:45:29+08:00 ] 127.0.0.1 /newmir/
INFO: [ app_begin ] --START--
INFO: ReadHtmlCache Behavior ::run [ RunTime:0.001903s ]
INFO: [ app_begin ] --END-- [ RunTime:0.002141s ]
NOTIC: [8] Undefined variable: data D:\wamp\www\newmir\home\Lib\Action\IndexAction.class.php 第 4 行.
INFO: [ view_parse ] --START--
INFO: ParseTemplate Behavior ::run [ RunTime:0.024319s ]
INFO: [ view_parse ] --END-- [ RunTime:0.024560s ]
INFO: [ view_filter ] --START--
INFO: ContentReplace Behavior ::run [ RunTime:0.002427s ]
INFO: TokenBuild Behavior ::run [ RunTime:0.001796s ]
INFO: WriteHtmlCache Behavior ::run [ RunTime:0.001352s ]
INFO: ShowRuntime Behavior ::run [ RunTime:0.002251s ]
INFO: [ view_filter ] --END-- [ RunTime:0.008493s ]
INFO: [ view_end ] --START--
INFO: ShowPageTrace Behavior ::run [ RunTime:0.002584s ]
INFO: [ view_end ] --END-- [ RunTime:0.002814s ]

[ 2013-10-25T20:45:39+08:00 ] 127.0.0.1 /newmir/
INFO: [ app_begin ] --START--
INFO: ReadHtmlCache Behavior ::run [ RunTime:0.001747s ]
INFO: [ app_begin ] --END-- [ RunTime:0.002039s ]
NOTIC: [8] Undefined variable: data D:\wamp\www\newmir\home\Lib\Action\IndexAction.class.php 第 4 行.
INFO: [ view_parse ] --START--
INFO: ParseTemplate Behavior ::run [ RunTime:0.028634s ]
INFO: [ view_parse ] --END-- [ RunTime:0.028878s ]
INFO: [ view_filter ] --START--
INFO: ContentReplace Behavior ::run [ RunTime:0.001748s ]
INFO: TokenBuild Behavior ::run [ RunTime:0.003289s ]
INFO: WriteHtmlCache Behavior ::run [ RunTime:0.001413s ]
INFO: ShowRuntime Behavior ::run [ RunTime:0.001894s ]
INFO: [ view_filter ] --END-- [ RunTime:0.008932s ]
INFO: [ view_end ] --START--
INFO: ShowPageTrace Behavior ::run [ RunTime:0.001798s ]
INFO: [ view_end ] --END-- [ RunTime:0.002013s ]

[ 2013-10-25T20:47:24+08:00 ] 127.0.0.1 /newmir/
INFO: [ app_begin ] --START--
INFO: ReadHtmlCache Behavior ::run [ RunTime:0.003225s ]
INFO: [ app_begin ] --END-- [ RunTime:0.003466s ]
ERR: 无法加载模块:Index

[ 2013-10-25T20:47:27+08:00 ] 127.0.0.1 /newmir/
INFO: [ app_begin ] --START--
INFO: ReadHtmlCache Behavior ::run [ RunTime:0.002663s ]
INFO: [ app_begin ] --END-- [ RunTime:0.002916s ]
ERR: 无法加载模块:Index

[ 2013-10-25T20:48:10+08:00 ] 127.0.0.1 /newmir/
INFO: [ app_begin ] --START--
INFO: ReadHtmlCache Behavior ::run [ RunTime:0.002772s ]
INFO: [ app_begin ] --END-- [ RunTime:0.003008s ]
NOTIC: [8] Undefined variable: data D:\wamp\www\newmir\home\Lib\Action\home\IndexAction.class.php 第 4 行.
ERR: 模板不存在[./home/Tpl/Home/Index/index.html]

[ 2013-10-25T20:48:56+08:00 ] 127.0.0.1 /newmir/
INFO: [ app_begin ] --START--
INFO: ReadHtmlCache Behavior ::run [ RunTime:0.001907s ]
INFO: [ app_begin ] --END-- [ RunTime:0.002145s ]
NOTIC: [8] Undefined variable: data D:\wamp\www\newmir\home\Lib\Action\home\IndexAction.class.php 第 4 行.
INFO: [ view_parse ] --START--
INFO: ParseTemplate Behavior ::run [ RunTime:0.025902s ]
INFO: [ view_parse ] --END-- [ RunTime:0.026183s ]
INFO: [ view_filter ] --START--
INFO: ContentReplace Behavior ::run [ RunTime:0.002472s ]
INFO: TokenBuild Behavior ::run [ RunTime:0.001836s ]
INFO: WriteHtmlCache Behavior ::run [ RunTime:0.001350s ]
INFO: ShowRuntime Behavior ::run [ RunTime:0.001805s ]
INFO: [ view_filter ] --END-- [ RunTime:0.008068s ]
INFO: [ view_end ] --START--
INFO: ShowPageTrace Behavior ::run [ RunTime:0.002049s ]
INFO: [ view_end ] --END-- [ RunTime:0.002273s ]

[ 2013-10-25T20:49:00+08:00 ] 127.0.0.1 /newmir/
INFO: [ app_begin ] --START--
INFO: ReadHtmlCache Behavior ::run [ RunTime:0.002256s ]
INFO: [ app_begin ] --END-- [ RunTime:0.002493s ]
NOTIC: [8] Undefined variable: data D:\wamp\www\newmir\home\Lib\Action\home\IndexAction.class.php 第 4 行.
INFO: [ view_parse ] --START--
INFO: ParseTemplate Behavior ::run [ RunTime:0.027086s ]
INFO: [ view_parse ] --END-- [ RunTime:0.027380s ]
INFO: [ view_filter ] --START--
INFO: ContentReplace Behavior ::run [ RunTime:0.003948s ]
INFO: TokenBuild Behavior ::run [ RunTime:0.001949s ]
INFO: WriteHtmlCache Behavior ::run [ RunTime:0.001556s ]
INFO: ShowRuntime Behavior ::run [ RunTime:0.001897s ]
INFO: [ view_filter ] --END-- [ RunTime:0.009977s ]
INFO: [ view_end ] --START--
INFO: ShowPageTrace Behavior ::run [ RunTime:0.002524s ]
INFO: [ view_end ] --END-- [ RunTime:0.004392s ]

[ 2013-10-25T20:49:22+08:00 ] 127.0.0.1 /newmir/
INFO: [ app_begin ] --START--
INFO: ReadHtmlCache Behavior ::run [ RunTime:0.003978s ]
INFO: [ app_begin ] --END-- [ RunTime:0.004230s ]
NOTIC: [8] Undefined variable: data D:\wamp\www\newmir\home\Lib\Action\home\IndexAction.class.php 第 4 行.
INFO: [ view_parse ] --START--
INFO: ParseTemplate Behavior ::run [ RunTime:0.026890s ]
INFO: [ view_parse ] --END-- [ RunTime:0.027195s ]
INFO: [ view_filter ] --START--
INFO: ContentReplace Behavior ::run [ RunTime:0.002693s ]
INFO: TokenBuild Behavior ::run [ RunTime:0.001118s ]
INFO: WriteHtmlCache Behavior ::run [ RunTime:0.001356s ]
INFO: ShowRuntime Behavior ::run [ RunTime:0.001539s ]
INFO: [ view_filter ] --END-- [ RunTime:0.008463s ]
INFO: [ view_end ] --START--
INFO: ShowPageTrace Behavior ::run [ RunTime:0.001396s ]
INFO: [ view_end ] --END-- [ RunTime:0.001609s ]

[ 2013-10-25T20:50:13+08:00 ] 127.0.0.1 /newmir/
INFO: [ app_begin ] --START--
INFO: ReadHtmlCache Behavior ::run [ RunTime:0.001097s ]
INFO: [ app_begin ] --END-- [ RunTime:0.001331s ]
NOTIC: [8] Undefined variable: data D:\wamp\www\newmir\home\Lib\Action\home\IndexAction.class.php 第 4 行.
INFO: [ view_parse ] --START--
INFO: ParseTemplate Behavior ::run [ RunTime:0.021173s ]
INFO: [ view_parse ] --END-- [ RunTime:0.021588s ]
INFO: [ view_filter ] --START--
INFO: ContentReplace Behavior ::run [ RunTime:0.000950s ]
INFO: TokenBuild Behavior ::run [ RunTime:0.000802s ]
INFO: WriteHtmlCache Behavior ::run [ RunTime:0.000561s ]
INFO: ShowRuntime Behavior ::run [ RunTime:0.000951s ]
INFO: [ view_filter ] --END-- [ RunTime:0.003837s ]
INFO: [ view_end ] --START--
INFO: ShowPageTrace Behavior ::run [ RunTime:0.000970s ]
INFO: [ view_end ] --END-- [ RunTime:0.001191s ]

[ 2013-10-25T20:50:14+08:00 ] 127.0.0.1 /newmir/
INFO: [ app_begin ] --START--
INFO: ReadHtmlCache Behavior ::run [ RunTime:0.001138s ]
INFO: [ app_begin ] --END-- [ RunTime:0.001368s ]
NOTIC: [8] Undefined variable: data D:\wamp\www\newmir\home\Lib\Action\home\IndexAction.class.php 第 4 行.
INFO: [ view_parse ] --START--
INFO: ParseTemplate Behavior ::run [ RunTime:0.023977s ]
INFO: [ view_parse ] --END-- [ RunTime:0.024232s ]
INFO: [ view_filter ] --START--
INFO: ContentReplace Behavior ::run [ RunTime:0.000894s ]
INFO: TokenBuild Behavior ::run [ RunTime:0.000845s ]
INFO: WriteHtmlCache Behavior ::run [ RunTime:0.000611s ]
INFO: ShowRuntime Behavior ::run [ RunTime:0.001177s ]
INFO: [ view_filter ] --END-- [ RunTime:0.004089s ]
INFO: [ view_end ] --START--
INFO: ShowPageTrace Behavior ::run [ RunTime:0.001930s ]
INFO: [ view_end ] --END-- [ RunTime:0.002153s ]

[ 2013-10-25T20:50:18+08:00 ] 127.0.0.1 /newmir/
INFO: [ app_begin ] --START--
INFO: ReadHtmlCache Behavior ::run [ RunTime:0.001082s ]
INFO: [ app_begin ] --END-- [ RunTime:0.001607s ]
NOTIC: [8] Undefined variable: data D:\wamp\www\newmir\home\Lib\Action\home\IndexAction.class.php 第 4 行.
INFO: [ view_parse ] --START--
INFO: ParseTemplate Behavior ::run [ RunTime:0.031303s ]
INFO: [ view_parse ] --END-- [ RunTime:0.031581s ]
INFO: [ view_filter ] --START--
INFO: ContentReplace Behavior ::run [ RunTime:0.001453s ]
INFO: TokenBuild Behavior ::run [ RunTime:0.000968s ]
INFO: WriteHtmlCache Behavior ::run [ RunTime:0.000769s ]
INFO: ShowRuntime Behavior ::run [ RunTime:0.001166s ]
INFO: [ view_filter ] --END-- [ RunTime:0.005461s ]
INFO: [ view_end ] --START--
INFO: ShowPageTrace Behavior ::run [ RunTime:0.027352s ]
INFO: [ view_end ] --END-- [ RunTime:0.027618s ]

[ 2013-10-25T20:50:19+08:00 ] 127.0.0.1 /newmir/
INFO: [ app_begin ] --START--
INFO: ReadHtmlCache Behavior ::run [ RunTime:0.001038s ]
INFO: [ app_begin ] --END-- [ RunTime:0.001270s ]
NOTIC: [8] Undefined variable: data D:\wamp\www\newmir\home\Lib\Action\home\IndexAction.class.php 第 4 行.
INFO: [ view_parse ] --START--
INFO: ParseTemplate Behavior ::run [ RunTime:0.019669s ]
INFO: [ view_parse ] --END-- [ RunTime:0.019967s ]
INFO: [ view_filter ] --START--
INFO: ContentReplace Behavior ::run [ RunTime:0.000803s ]
INFO: TokenBuild Behavior ::run [ RunTime:0.001442s ]
INFO: WriteHtmlCache Behavior ::run [ RunTime:0.000692s ]
INFO: ShowRuntime Behavior ::run [ RunTime:0.001010s ]
INFO: [ view_filter ] --END-- [ RunTime:0.004563s ]
INFO: [ view_end ] --START--
INFO: ShowPageTrace Behavior ::run [ RunTime:0.001050s ]
INFO: [ view_end ] --END-- [ RunTime:0.001262s ]

[ 2013-10-25T20:50:19+08:00 ] 127.0.0.1 /newmir/
INFO: [ app_begin ] --START--
INFO: ReadHtmlCache Behavior ::run [ RunTime:0.004468s ]
INFO: [ app_begin ] --END-- [ RunTime:0.004798s ]
NOTIC: [8] Undefined variable: data D:\wamp\www\newmir\home\Lib\Action\home\IndexAction.class.php 第 4 行.
INFO: [ view_parse ] --START--
INFO: ParseTemplate Behavior ::run [ RunTime:0.020543s ]
INFO: [ view_parse ] --END-- [ RunTime:0.020811s ]
INFO: [ view_filter ] --START--
INFO: ContentReplace Behavior ::run [ RunTime:0.000914s ]
INFO: TokenBuild Behavior ::run [ RunTime:0.001312s ]
INFO: WriteHtmlCache Behavior ::run [ RunTime:0.000556s ]
INFO: ShowRuntime Behavior ::run [ RunTime:0.001143s ]
INFO: [ view_filter ] --END-- [ RunTime:0.004552s ]
INFO: [ view_end ] --START--
INFO: ShowPageTrace Behavior ::run [ RunTime:0.001497s ]
INFO: [ view_end ] --END-- [ RunTime:0.001740s ]

[ 2013-10-25T20:50:21+08:00 ] 127.0.0.1 /newmir/
INFO: [ app_begin ] --START--
INFO: ReadHtmlCache Behavior ::run [ RunTime:0.001017s ]
INFO: [ app_begin ] --END-- [ RunTime:0.001260s ]
NOTIC: [8] Undefined variable: data D:\wamp\www\newmir\home\Lib\Action\home\IndexAction.class.php 第 4 行.
INFO: [ view_parse ] --START--
INFO: ParseTemplate Behavior ::run [ RunTime:0.019824s ]
INFO: [ view_parse ] --END-- [ RunTime:0.020372s ]
INFO: [ view_filter ] --START--
INFO: ContentReplace Behavior ::run [ RunTime:0.001708s ]
INFO: TokenBuild Behavior ::run [ RunTime:0.001070s ]
INFO: WriteHtmlCache Behavior ::run [ RunTime:0.000884s ]
INFO: ShowRuntime Behavior ::run [ RunTime:0.001025s ]
INFO: [ view_filter ] --END-- [ RunTime:0.006037s ]
INFO: [ view_end ] --START--
INFO: ShowPageTrace Behavior ::run [ RunTime:0.000969s ]
INFO: [ view_end ] --END-- [ RunTime:0.001187s ]

[ 2013-10-25T20:51:12+08:00 ] 127.0.0.1 /newmir/
INFO: [ app_begin ] --START--
INFO: ReadHtmlCache Behavior ::run [ RunTime:0.002019s ]
INFO: [ app_begin ] --END-- [ RunTime:0.002310s ]
NOTIC: [8] Undefined variable: data D:\wamp\www\newmir\Lib\Action\home\IndexAction.class.php 第 4 行.
INFO: [ view_parse ] --START--
INFO: ParseTemplate Behavior ::run [ RunTime:0.026316s ]
INFO: [ view_parse ] --END-- [ RunTime:0.026597s ]
INFO: [ view_filter ] --START--
INFO: ContentReplace Behavior ::run [ RunTime:0.001896s ]
INFO: TokenBuild Behavior ::run [ RunTime:0.001906s ]
INFO: WriteHtmlCache Behavior ::run [ RunTime:0.005135s ]
INFO: ShowRuntime Behavior ::run [ RunTime:0.004561s ]
INFO: [ view_filter ] --END-- [ RunTime:0.014437s ]
INFO: [ view_end ] --START--
INFO: ShowPageTrace Behavior ::run [ RunTime:0.003973s ]
INFO: [ view_end ] --END-- [ RunTime:0.004205s ]

[ 2013-10-25T20:51:13+08:00 ] 127.0.0.1 /newmir/
INFO: [ app_begin ] --START--
INFO: ReadHtmlCache Behavior ::run [ RunTime:0.001813s ]
INFO: [ app_begin ] --END-- [ RunTime:0.002041s ]
NOTIC: [8] Undefined variable: data D:\wamp\www\newmir\Lib\Action\home\IndexAction.class.php 第 4 行.
INFO: [ view_parse ] --START--
INFO: ParseTemplate Behavior ::run [ RunTime:0.032139s ]
INFO: [ view_parse ] --END-- [ RunTime:0.032411s ]
INFO: [ view_filter ] --START--
INFO: ContentReplace Behavior ::run [ RunTime:0.001786s ]
INFO: TokenBuild Behavior ::run [ RunTime:0.001725s ]
INFO: WriteHtmlCache Behavior ::run [ RunTime:0.001542s ]
INFO: ShowRuntime Behavior ::run [ RunTime:0.001763s ]
INFO: [ view_filter ] --END-- [ RunTime:0.007495s ]
INFO: [ view_end ] --START--
INFO: ShowPageTrace Behavior ::run [ RunTime:0.002567s ]
INFO: [ view_end ] --END-- [ RunTime:0.002784s ]

[ 2013-10-25T20:52:34+08:00 ] 127.0.0.1 /newmir/
INFO: [ app_begin ] --START--
INFO: ReadHtmlCache Behavior ::run [ RunTime:0.001651s ]
INFO: [ app_begin ] --END-- [ RunTime:0.001925s ]
NOTIC: [8] Undefined variable: data D:\wamp\www\newmir\Lib\Action\home\IndexAction.class.php 第 4 行.
INFO: [ view_parse ] --START--
INFO: ParseTemplate Behavior ::run [ RunTime:0.020958s ]
INFO: [ view_parse ] --END-- [ RunTime:0.021231s ]
INFO: [ view_filter ] --START--
INFO: ContentReplace Behavior ::run [ RunTime:0.001496s ]
INFO: TokenBuild Behavior ::run [ RunTime:0.001080s ]
INFO: WriteHtmlCache Behavior ::run [ RunTime:0.000787s ]
INFO: ShowRuntime Behavior ::run [ RunTime:0.001149s ]
INFO: [ view_filter ] --END-- [ RunTime:0.005089s ]
INFO: [ view_end ] --START--
INFO: ShowPageTrace Behavior ::run [ RunTime:0.001131s ]
INFO: [ view_end ] --END-- [ RunTime:0.001336s ]

[ 2013-10-25T20:52:35+08:00 ] 127.0.0.1 /newmir/
INFO: [ app_begin ] --START--
INFO: ReadHtmlCache Behavior ::run [ RunTime:0.001071s ]
INFO: [ app_begin ] --END-- [ RunTime:0.001301s ]
NOTIC: [8] Undefined variable: data D:\wamp\www\newmir\Lib\Action\home\IndexAction.class.php 第 4 行.
INFO: [ view_parse ] --START--
INFO: ParseTemplate Behavior ::run [ RunTime:0.019846s ]
INFO: [ view_parse ] --END-- [ RunTime:0.020108s ]
INFO: [ view_filter ] --START--
INFO: ContentReplace Behavior ::run [ RunTime:0.000797s ]
INFO: TokenBuild Behavior ::run [ RunTime:0.000766s ]
INFO: WriteHtmlCache Behavior ::run [ RunTime:0.000514s ]
INFO: ShowRuntime Behavior ::run [ RunTime:0.000961s ]
INFO: [ view_filter ] --END-- [ RunTime:0.003598s ]
INFO: [ view_end ] --START--
INFO: ShowPageTrace Behavior ::run [ RunTime:0.000938s ]
INFO: [ view_end ] --END-- [ RunTime:0.001139s ]

